<?xml version="1.0" encoding="UTF-8"?>
<!-- Generated by org.testng.reporters.JUnitReportReporter -->
<testsuite skipped="0" hostname="DESKTOP-NVGHHF7" name="runner.RunCucumberTest" tests="3" failures="0" timestamp="2023-12-15T21:24:53 IST" time="0.445" errors="0">
  <testcase name="runScenario" time="0.148" classname="runner.RunCucumberTest"/>
  <system-out/>
  <testcase name="runScenario" time="0.148" classname="runner.RunCucumberTest"/>
  <system-out/>
  <testcase name="runScenario" time="0.149" classname="runner.RunCucumberTest"/>
  <system-out/>
</testsuite> <!-- runner.RunCucumberTest -->
